<?xml version="1.0" encoding="UTF-8"?>
<coverage generated="1562937057124" clover="3.2.0">
  <project timestamp="1562937057124" name="All files">
    <metrics statements="50" coveredstatements="22" conditionals="22" coveredconditionals="6" methods="14" coveredmethods="4" elements="86" coveredelements="32" complexity="0" loc="50" ncloc="50" packages="1" files="1" classes="1"/>
    <file name="util.js" path="/Users/marianzburlea/fun/marianzburlea/pug-starter/gulp/util/util.js">
      <metrics statements="50" coveredstatements="22" conditionals="22" coveredconditionals="6" methods="14" coveredmethods="4"/>
      <line num="10" count="1" type="stmt"/>
      <line num="12" count="0" type="cond" truecount="0" falsecount="3"/>
      <line num="15" count="1" type="stmt"/>
      <line num="16" count="1" type="stmt"/>
      <line num="17" count="1" type="stmt"/>
      <line num="18" count="1" type="stmt"/>
      <line num="19" count="1" type="stmt"/>
      <line num="22" count="1" type="cond" truecount="1" falsecount="0"/>
      <line num="23" count="2" type="stmt"/>
      <line num="27" count="1" type="stmt"/>
      <line num="28" count="0" type="cond" truecount="0" falsecount="2"/>
      <line num="30" count="0" type="stmt"/>
      <line num="35" count="0" type="stmt"/>
      <line num="37" count="0" type="stmt"/>
      <line num="38" count="0" type="cond" truecount="0" falsecount="2"/>
      <line num="39" count="0" type="stmt"/>
      <line num="42" count="0" type="stmt"/>
      <line num="46" count="0" type="stmt"/>
      <line num="47" count="0" type="stmt"/>
      <line num="50" count="0" type="stmt"/>
      <line num="56" count="1" type="stmt"/>
      <line num="57" count="3" type="stmt"/>
      <line num="58" count="3" type="cond" truecount="1" falsecount="1"/>
      <line num="59" count="0" type="stmt"/>
      <line num="61" count="3" type="cond" truecount="2" falsecount="0"/>
      <line num="62" count="2" type="cond" truecount="2" falsecount="0"/>
      <line num="64" count="1" type="stmt"/>
      <line num="66" count="1" type="stmt"/>
      <line num="69" count="1" type="stmt"/>
      <line num="72" count="1" type="stmt"/>
      <line num="75" count="3" type="stmt"/>
      <line num="78" count="1" type="stmt"/>
      <line num="79" count="0" type="stmt"/>
      <line num="99" count="0" type="stmt"/>
      <line num="100" count="0" type="stmt"/>
      <line num="108" count="1" type="stmt"/>
      <line num="109" count="0" type="stmt"/>
      <line num="110" count="0" type="stmt"/>
      <line num="111" count="0" type="cond" truecount="0" falsecount="4"/>
      <line num="112" count="0" type="stmt"/>
      <line num="115" count="0" type="cond" truecount="0" falsecount="2"/>
      <line num="116" count="0" type="cond" truecount="0" falsecount="2"/>
      <line num="117" count="0" type="stmt"/>
      <line num="120" count="0" type="stmt"/>
      <line num="121" count="0" type="stmt"/>
      <line num="122" count="0" type="stmt"/>
      <line num="123" count="0" type="stmt"/>
      <line num="127" count="1" type="stmt"/>
      <line num="128" count="0" type="stmt"/>
      <line num="136" count="0" type="stmt"/>
    </file>
  </project>
</coverage>
