{"/Users/marianzburlea/fun/marianzburlea/pug-starter/gulp/util/util.js": {"path":"/Users/marianzburlea/fun/marianzburlea/pug-starter/gulp/util/util.js","statementMap":{"0":{"start":{"line":10,"column":28},"end":{"line":13,"column":1}},"1":{"start":{"line":12,"column":2},"end":{"line":12,"column":111}},"2":{"start":{"line":15,"column":24},"end":{"line":20,"column":1}},"3":{"start":{"line":16,"column":2},"end":{"line":16,"column":18}},"4":{"start":{"line":17,"column":2},"end":{"line":17,"column":65}},"5":{"start":{"line":18,"column":2},"end":{"line":18,"column":49}},"6":{"start":{"line":19,"column":2},"end":{"line":19,"column":38}},"7":{"start":{"line":22,"column":19},"end":{"line":25,"column":10}},"8":{"start":{"line":23,"column":2},"end":{"line":25,"column":10}},"9":{"start":{"line":27,"column":20},"end":{"line":54,"column":1}},"10":{"start":{"line":28,"column":2},"end":{"line":53,"column":3}},"11":{"start":{"line":30,"column":4},"end":{"line":52,"column":7}},"12":{"start":{"line":35,"column":19},"end":{"line":35,"column":21}},"13":{"start":{"line":37,"column":8},"end":{"line":48,"column":9}},"14":{"start":{"line":38,"column":10},"end":{"line":43,"column":11}},"15":{"start":{"line":39,"column":12},"end":{"line":39,"column":66}},"16":{"start":{"line":42,"column":12},"end":{"line":42,"column":61}},"17":{"start":{"line":46,"column":10},"end":{"line":46,"column":58}},"18":{"start":{"line":47,"column":10},"end":{"line":47,"column":25}},"19":{"start":{"line":50,"column":8},"end":{"line":50,"column":20}},"20":{"start":{"line":56,"column":19},"end":{"line":76,"column":1}},"21":{"start":{"line":57,"column":16},"end":{"line":57,"column":19}},"22":{"start":{"line":58,"column":2},"end":{"line":60,"column":3}},"23":{"start":{"line":59,"column":4},"end":{"line":59,"column":28}},"24":{"start":{"line":61,"column":2},"end":{"line":74,"column":3}},"25":{"start":{"line":62,"column":4},"end":{"line":73,"column":5}},"26":{"start":{"line":64,"column":19},"end":{"line":64,"column":66}},"27":{"start":{"line":66,"column":25},"end":{"line":66,"column":58}},"28":{"start":{"line":66,"column":56},"end":{"line":66,"column":57}},"29":{"start":{"line":69,"column":6},"end":{"line":69,"column":34}},"30":{"start":{"line":72,"column":6},"end":{"line":72,"column":39}},"31":{"start":{"line":75,"column":2},"end":{"line":75,"column":17}},"32":{"start":{"line":78,"column":27},"end":{"line":106,"column":1}},"33":{"start":{"line":79,"column":2},"end":{"line":105,"column":4}},"34":{"start":{"line":99,"column":44},"end":{"line":99,"column":47}},"35":{"start":{"line":100,"column":10},"end":{"line":100,"column":69}},"36":{"start":{"line":108,"column":34},"end":{"line":125,"column":1}},"37":{"start":{"line":109,"column":16},"end":{"line":109,"column":44}},"38":{"start":{"line":110,"column":17},"end":{"line":110,"column":37}},"39":{"start":{"line":111,"column":2},"end":{"line":113,"column":3}},"40":{"start":{"line":112,"column":4},"end":{"line":112,"column":22}},"41":{"start":{"line":115,"column":2},"end":{"line":124,"column":3}},"42":{"start":{"line":116,"column":4},"end":{"line":118,"column":5}},"43":{"start":{"line":117,"column":6},"end":{"line":117,"column":22}},"44":{"start":{"line":120,"column":4},"end":{"line":122,"column":42}},"45":{"start":{"line":121,"column":16},"end":{"line":121,"column":35}},"46":{"start":{"line":122,"column":19},"end":{"line":122,"column":40}},"47":{"start":{"line":123,"column":4},"end":{"line":123,"column":42}},"48":{"start":{"line":127,"column":23},"end":{"line":142,"column":1}},"49":{"start":{"line":128,"column":2},"end":{"line":141,"column":4}},"50":{"start":{"line":136,"column":10},"end":{"line":136,"column":69}}},"fnMap":{"0":{"name":"(anonymous_0)","decl":{"start":{"line":10,"column":28},"end":{"line":10,"column":29}},"loc":{"start":{"line":10,"column":45},"end":{"line":13,"column":1}},"line":10},"1":{"name":"(anonymous_1)","decl":{"start":{"line":15,"column":24},"end":{"line":15,"column":25}},"loc":{"start":{"line":15,"column":43},"end":{"line":20,"column":1}},"line":15},"2":{"name":"(anonymous_2)","decl":{"start":{"line":22,"column":19},"end":{"line":22,"column":20}},"loc":{"start":{"line":23,"column":2},"end":{"line":25,"column":10}},"line":23},"3":{"name":"(anonymous_3)","decl":{"start":{"line":27,"column":20},"end":{"line":27,"column":21}},"loc":{"start":{"line":27,"column":27},"end":{"line":54,"column":1}},"line":27},"4":{"name":"(anonymous_4)","decl":{"start":{"line":34,"column":14},"end":{"line":34,"column":15}},"loc":{"start":{"line":34,"column":22},"end":{"line":51,"column":7}},"line":34},"5":{"name":"(anonymous_5)","decl":{"start":{"line":56,"column":19},"end":{"line":56,"column":20}},"loc":{"start":{"line":56,"column":37},"end":{"line":76,"column":1}},"line":56},"6":{"name":"(anonymous_6)","decl":{"start":{"line":66,"column":51},"end":{"line":66,"column":52}},"loc":{"start":{"line":66,"column":56},"end":{"line":66,"column":57}},"line":66},"7":{"name":"(anonymous_7)","decl":{"start":{"line":78,"column":27},"end":{"line":78,"column":28}},"loc":{"start":{"line":78,"column":34},"end":{"line":106,"column":1}},"line":78},"8":{"name":"(anonymous_8)","decl":{"start":{"line":98,"column":27},"end":{"line":98,"column":28}},"loc":{"start":{"line":98,"column":35},"end":{"line":101,"column":9}},"line":98},"9":{"name":"(anonymous_9)","decl":{"start":{"line":108,"column":34},"end":{"line":108,"column":35}},"loc":{"start":{"line":108,"column":71},"end":{"line":125,"column":1}},"line":108},"10":{"name":"(anonymous_10)","decl":{"start":{"line":121,"column":11},"end":{"line":121,"column":12}},"loc":{"start":{"line":121,"column":16},"end":{"line":121,"column":35}},"line":121},"11":{"name":"(anonymous_11)","decl":{"start":{"line":122,"column":14},"end":{"line":122,"column":15}},"loc":{"start":{"line":122,"column":19},"end":{"line":122,"column":40}},"line":122},"12":{"name":"(anonymous_12)","decl":{"start":{"line":127,"column":23},"end":{"line":127,"column":24}},"loc":{"start":{"line":127,"column":76},"end":{"line":142,"column":1}},"line":127},"13":{"name":"(anonymous_13)","decl":{"start":{"line":135,"column":23},"end":{"line":135,"column":24}},"loc":{"start":{"line":135,"column":31},"end":{"line":137,"column":9}},"line":135}},"branchMap":{"0":{"loc":{"start":{"line":12,"column":2},"end":{"line":12,"column":110}},"type":"binary-expr","locations":[{"start":{"line":12,"column":2},"end":{"line":12,"column":6}},{"start":{"line":12,"column":10},"end":{"line":12,"column":26}},{"start":{"line":12,"column":30},"end":{"line":12,"column":110}}],"line":12},"1":{"loc":{"start":{"line":22,"column":20},"end":{"line":22,"column":36}},"type":"default-arg","locations":[{"start":{"line":22,"column":34},"end":{"line":22,"column":36}}],"line":22},"2":{"loc":{"start":{"line":28,"column":2},"end":{"line":53,"column":3}},"type":"if","locations":[{"start":{"line":28,"column":2},"end":{"line":53,"column":3}},{"start":{"line":28,"column":2},"end":{"line":53,"column":3}}],"line":28},"3":{"loc":{"start":{"line":38,"column":10},"end":{"line":43,"column":11}},"type":"if","locations":[{"start":{"line":38,"column":10},"end":{"line":43,"column":11}},{"start":{"line":38,"column":10},"end":{"line":43,"column":11}}],"line":38},"4":{"loc":{"start":{"line":58,"column":2},"end":{"line":60,"column":3}},"type":"if","locations":[{"start":{"line":58,"column":2},"end":{"line":60,"column":3}},{"start":{"line":58,"column":2},"end":{"line":60,"column":3}}],"line":58},"5":{"loc":{"start":{"line":61,"column":2},"end":{"line":74,"column":3}},"type":"if","locations":[{"start":{"line":61,"column":2},"end":{"line":74,"column":3}},{"start":{"line":61,"column":2},"end":{"line":74,"column":3}}],"line":61},"6":{"loc":{"start":{"line":62,"column":4},"end":{"line":73,"column":5}},"type":"if","locations":[{"start":{"line":62,"column":4},"end":{"line":73,"column":5}},{"start":{"line":62,"column":4},"end":{"line":73,"column":5}}],"line":62},"7":{"loc":{"start":{"line":111,"column":2},"end":{"line":113,"column":3}},"type":"if","locations":[{"start":{"line":111,"column":2},"end":{"line":113,"column":3}},{"start":{"line":111,"column":2},"end":{"line":113,"column":3}}],"line":111},"8":{"loc":{"start":{"line":111,"column":6},"end":{"line":111,"column":68}},"type":"binary-expr","locations":[{"start":{"line":111,"column":6},"end":{"line":111,"column":26}},{"start":{"line":111,"column":30},"end":{"line":111,"column":68}}],"line":111},"9":{"loc":{"start":{"line":115,"column":2},"end":{"line":124,"column":3}},"type":"if","locations":[{"start":{"line":115,"column":2},"end":{"line":124,"column":3}},{"start":{"line":115,"column":2},"end":{"line":124,"column":3}}],"line":115},"10":{"loc":{"start":{"line":116,"column":4},"end":{"line":118,"column":5}},"type":"if","locations":[{"start":{"line":116,"column":4},"end":{"line":118,"column":5}},{"start":{"line":116,"column":4},"end":{"line":118,"column":5}}],"line":116}},"s":{"0":1,"1":0,"2":1,"3":1,"4":1,"5":1,"6":1,"7":1,"8":2,"9":1,"10":0,"11":0,"12":0,"13":0,"14":0,"15":0,"16":0,"17":0,"18":0,"19":0,"20":1,"21":3,"22":3,"23":0,"24":3,"25":2,"26":1,"27":1,"28":1,"29":1,"30":1,"31":3,"32":1,"33":0,"34":0,"35":0,"36":1,"37":0,"38":0,"39":0,"40":0,"41":0,"42":0,"43":0,"44":0,"45":0,"46":0,"47":0,"48":1,"49":0,"50":0},"f":{"0":0,"1":1,"2":2,"3":0,"4":0,"5":3,"6":1,"7":0,"8":0,"9":0,"10":0,"11":0,"12":0,"13":0},"b":{"0":[0,0,0],"1":[1],"2":[0,0],"3":[0,0],"4":[0,3],"5":[2,1],"6":[1,1],"7":[0,0],"8":[0,0],"9":[0,0],"10":[0,0]},"_coverageSchema":"43e27e138ebf9cfc5966b082cf9a028302ed4184","hash":"4628e4d93fb3093257336a4481bc5fb0e60f042a"}
}
