TN:
SF:/Users/marianzburlea/fun/marianzburlea/pug-starter/gulp/util/util.js
FN:10,(anonymous_0)
FN:15,(anonymous_1)
FN:22,(anonymous_2)
FN:27,(anonymous_3)
FN:34,(anonymous_4)
FN:56,(anonymous_5)
FN:66,(anonymous_6)
FN:78,(anonymous_7)
FN:98,(anonymous_8)
FN:108,(anonymous_9)
FN:121,(anonymous_10)
FN:122,(anonymous_11)
FN:127,(anonymous_12)
FN:135,(anonymous_13)
FNF:14
FNH:4
FNDA:0,(anonymous_0)
FNDA:1,(anonymous_1)
FNDA:2,(anonymous_2)
FNDA:0,(anonymous_3)
FNDA:0,(anonymous_4)
FNDA:3,(anonymous_5)
FNDA:1,(anonymous_6)
FNDA:0,(anonymous_7)
FNDA:0,(anonymous_8)
FNDA:0,(anonymous_9)
FNDA:0,(anonymous_10)
FNDA:0,(anonymous_11)
FNDA:0,(anonymous_12)
FNDA:0,(anonymous_13)
DA:10,1
DA:12,0
DA:15,1
DA:16,1
DA:17,1
DA:18,1
DA:19,1
DA:22,1
DA:23,2
DA:27,1
DA:28,0
DA:30,0
DA:35,0
DA:37,0
DA:38,0
DA:39,0
DA:42,0
DA:46,0
DA:47,0
DA:50,0
DA:56,1
DA:57,3
DA:58,3
DA:59,0
DA:61,3
DA:62,2
DA:64,1
DA:66,1
DA:69,1
DA:72,1
DA:75,3
DA:78,1
DA:79,0
DA:99,0
DA:100,0
DA:108,1
DA:109,0
DA:110,0
DA:111,0
DA:112,0
DA:115,0
DA:116,0
DA:117,0
DA:120,0
DA:121,0
DA:122,0
DA:123,0
DA:127,1
DA:128,0
DA:136,0
LF:50
LH:22
BRDA:12,0,0,0
BRDA:12,0,1,0
BRDA:12,0,2,0
BRDA:22,1,0,1
BRDA:28,2,0,0
BRDA:28,2,1,0
BRDA:38,3,0,0
BRDA:38,3,1,0
BRDA:58,4,0,0
BRDA:58,4,1,3
BRDA:61,5,0,2
BRDA:61,5,1,1
BRDA:62,6,0,1
BRDA:62,6,1,1
BRDA:111,7,0,0
BRDA:111,7,1,0
BRDA:111,8,0,0
BRDA:111,8,1,0
BRDA:115,9,0,0
BRDA:115,9,1,0
BRDA:116,10,0,0
BRDA:116,10,1,0
BRF:22
BRH:6
end_of_record
